2018-05-09 23:39:10.450 [main] INFO  cc.max.Othello.Controller - avaialbe move e3
2018-05-09 23:39:10.454 [main] INFO  cc.max.Othello.Controller - avaialbe move c5
2018-05-09 23:39:10.455 [main] INFO  cc.max.Othello.Controller - avaialbe move d6
2018-05-09 23:39:10.455 [main] INFO  cc.max.Othello.Controller - avaialbe move f4
2018-05-09 23:39:10.456 [main] INFO  cc.max.Othello.OthelloTest - mockingPlayerInput f4
2018-05-09 23:39:10.485 [main] INFO  cc.max.Othello.Controller - avaialbe move d3
2018-05-09 23:39:10.485 [main] INFO  cc.max.Othello.Controller - avaialbe move f3
2018-05-09 23:39:10.486 [main] INFO  cc.max.Othello.Controller - avaialbe move f5
2018-05-09 23:39:10.486 [main] INFO  cc.max.Othello.OthelloTest - mockingPlayerInput f5
2018-05-09 23:39:10.553 [main] INFO  cc.max.Othello.Controller - avaialbe move d6
2018-05-09 23:39:10.553 [main] INFO  cc.max.Othello.Controller - avaialbe move e6
2018-05-09 23:39:10.554 [main] INFO  cc.max.Othello.Controller - avaialbe move c6
2018-05-09 23:39:10.555 [main] INFO  cc.max.Othello.Controller - avaialbe move f6
2018-05-09 23:39:10.555 [main] INFO  cc.max.Othello.Controller - avaialbe move g6
2018-05-09 23:39:10.555 [main] INFO  cc.max.Othello.OthelloTest - mockingPlayerInput g6
2018-05-09 23:39:10.567 [main] INFO  cc.max.Othello.Controller - avaialbe move d3
2018-05-09 23:39:10.567 [main] INFO  cc.max.Othello.Controller - avaialbe move e3
2018-05-09 23:39:10.568 [main] INFO  cc.max.Othello.Controller - avaialbe move c3
2018-05-09 23:39:10.568 [main] INFO  cc.max.Othello.Controller - avaialbe move f3
2018-05-09 23:39:10.568 [main] INFO  cc.max.Othello.Controller - avaialbe move g3
2018-05-09 23:39:10.568 [main] INFO  cc.max.Othello.Controller - avaialbe move g5
2018-05-09 23:39:10.569 [main] INFO  cc.max.Othello.OthelloTest - mockingPlayerInput g5
2018-05-09 23:39:10.589 [main] INFO  cc.max.Othello.Controller - avaialbe move d6
2018-05-09 23:39:10.589 [main] INFO  cc.max.Othello.Controller - avaialbe move e6
2018-05-09 23:39:10.591 [main] INFO  cc.max.Othello.Controller - avaialbe move c6
2018-05-09 23:39:10.591 [main] INFO  cc.max.Othello.Controller - avaialbe move f6
2018-05-09 23:39:10.591 [main] INFO  cc.max.Othello.Controller - avaialbe move g4
2018-05-09 23:39:10.591 [main] INFO  cc.max.Othello.Controller - avaialbe move h6
2018-05-09 23:39:10.591 [main] INFO  cc.max.Othello.OthelloTest - mockingPlayerInput h6
2018-05-09 23:39:10.606 [main] INFO  cc.max.Othello.Controller - avaialbe move d3
2018-05-09 23:39:10.606 [main] INFO  cc.max.Othello.Controller - avaialbe move e3
2018-05-09 23:39:10.606 [main] INFO  cc.max.Othello.Controller - avaialbe move c3
2018-05-09 23:39:10.607 [main] INFO  cc.max.Othello.Controller - avaialbe move f3
2018-05-09 23:39:10.607 [main] INFO  cc.max.Othello.Controller - avaialbe move g3
2018-05-09 23:39:10.607 [main] INFO  cc.max.Othello.Controller - avaialbe move h5
2018-05-09 23:39:10.608 [main] INFO  cc.max.Othello.Controller - avaialbe move h7
2018-05-09 23:39:10.608 [main] INFO  cc.max.Othello.OthelloTest - mockingPlayerInput h7
2018-05-09 23:39:10.619 [main] INFO  cc.max.Othello.Controller - avaialbe move c5
2018-05-09 23:39:10.620 [main] INFO  cc.max.Othello.Controller - avaialbe move d6
2018-05-09 23:39:10.620 [main] INFO  cc.max.Othello.Controller - avaialbe move e6
2018-05-09 23:39:10.620 [main] INFO  cc.max.Othello.Controller - avaialbe move c6
2018-05-09 23:39:10.620 [main] INFO  cc.max.Othello.Controller - avaialbe move f6
2018-05-09 23:39:10.621 [main] INFO  cc.max.Othello.Controller - avaialbe move g7
2018-05-09 23:39:10.622 [main] INFO  cc.max.Othello.Controller - avaialbe move h8
2018-05-09 23:39:10.622 [main] INFO  cc.max.Othello.OthelloTest - mockingPlayerInput h8
2018-05-09 23:39:10.631 [main] INFO  cc.max.Othello.Controller - avaialbe move d3
2018-05-09 23:39:10.632 [main] INFO  cc.max.Othello.Controller - avaialbe move e3
2018-05-09 23:39:10.634 [main] INFO  cc.max.Othello.Controller - avaialbe move c3
2018-05-09 23:39:10.634 [main] INFO  cc.max.Othello.Controller - avaialbe move f3
2018-05-09 23:39:10.635 [main] INFO  cc.max.Othello.Controller - avaialbe move g4
2018-05-09 23:39:10.635 [main] INFO  cc.max.Othello.Controller - avaialbe move g3
2018-05-09 23:39:10.635 [main] INFO  cc.max.Othello.Controller - avaialbe move h5
2018-05-09 23:39:10.635 [main] INFO  cc.max.Othello.OthelloTest - mockingPlayerInput h5
2018-05-09 23:39:10.643 [main] INFO  cc.max.Othello.Controller - avaialbe move d6
2018-05-09 23:39:10.644 [main] INFO  cc.max.Othello.Controller - avaialbe move e6
2018-05-09 23:39:10.644 [main] INFO  cc.max.Othello.Controller - avaialbe move c6
2018-05-09 23:39:10.644 [main] INFO  cc.max.Othello.Controller - avaialbe move f6
2018-05-09 23:39:10.644 [main] INFO  cc.max.Othello.Controller - avaialbe move h4
2018-05-09 23:39:10.645 [main] INFO  cc.max.Othello.OthelloTest - mockingPlayerInput h4
2018-05-09 23:39:10.652 [main] INFO  cc.max.Othello.Controller - avaialbe move d3
2018-05-09 23:39:10.653 [main] INFO  cc.max.Othello.Controller - avaialbe move e3
2018-05-09 23:39:10.653 [main] INFO  cc.max.Othello.Controller - avaialbe move c3
2018-05-09 23:39:10.653 [main] INFO  cc.max.Othello.Controller - avaialbe move f3
2018-05-09 23:39:10.655 [main] INFO  cc.max.Othello.Controller - avaialbe move g3
2018-05-09 23:39:10.663 [main] INFO  cc.max.Othello.OthelloTest - mockingPlayerInput g3
2018-05-09 23:39:10.690 [main] INFO  cc.max.Othello.Controller - avaialbe move e3
2018-05-09 23:39:10.690 [main] INFO  cc.max.Othello.Controller - avaialbe move c5
2018-05-09 23:39:10.691 [main] INFO  cc.max.Othello.Controller - avaialbe move d6
2018-05-09 23:39:10.691 [main] INFO  cc.max.Othello.Controller - avaialbe move e6
2018-05-09 23:39:10.691 [main] INFO  cc.max.Othello.Controller - avaialbe move c6
2018-05-09 23:39:10.691 [main] INFO  cc.max.Othello.Controller - avaialbe move f6
2018-05-09 23:39:10.691 [main] INFO  cc.max.Othello.Controller - avaialbe move g4
2018-05-09 23:39:10.692 [main] INFO  cc.max.Othello.Controller - avaialbe move f7
2018-05-09 23:39:10.692 [main] INFO  cc.max.Othello.Controller - avaialbe move f2
2018-05-09 23:39:10.692 [main] INFO  cc.max.Othello.OthelloTest - mockingPlayerInput f2
2018-05-09 23:39:10.703 [main] INFO  cc.max.Othello.Controller - avaialbe move d3
2018-05-09 23:39:10.703 [main] INFO  cc.max.Othello.Controller - avaialbe move c4
2018-05-09 23:39:10.703 [main] INFO  cc.max.Othello.Controller - avaialbe move e3
2018-05-09 23:39:10.704 [main] INFO  cc.max.Othello.Controller - avaialbe move c3
2018-05-09 23:39:10.704 [main] INFO  cc.max.Othello.Controller - avaialbe move f3
2018-05-09 23:39:10.704 [main] INFO  cc.max.Othello.Controller - avaialbe move h2
2018-05-09 23:39:10.704 [main] INFO  cc.max.Othello.OthelloTest - mockingPlayerInput h2
2018-05-09 23:39:10.714 [main] INFO  cc.max.Othello.Controller - avaialbe move e3
2018-05-09 23:39:10.714 [main] INFO  cc.max.Othello.Controller - avaialbe move c5
2018-05-09 23:39:10.714 [main] INFO  cc.max.Othello.Controller - avaialbe move d6
2018-05-09 23:39:10.714 [main] INFO  cc.max.Othello.Controller - avaialbe move e6
2018-05-09 23:39:10.715 [main] INFO  cc.max.Othello.Controller - avaialbe move c6
2018-05-09 23:39:10.715 [main] INFO  cc.max.Othello.Controller - avaialbe move f6
2018-05-09 23:39:10.715 [main] INFO  cc.max.Othello.Controller - avaialbe move g4
2018-05-09 23:39:10.715 [main] INFO  cc.max.Othello.Controller - avaialbe move f7
2018-05-09 23:39:10.715 [main] INFO  cc.max.Othello.OthelloTest - mockingPlayerInput f7
2018-05-09 23:39:10.723 [main] INFO  cc.max.Othello.Controller - avaialbe move d3
2018-05-09 23:39:10.724 [main] INFO  cc.max.Othello.Controller - avaialbe move c4
2018-05-09 23:39:10.724 [main] INFO  cc.max.Othello.Controller - avaialbe move e3
2018-05-09 23:39:10.724 [main] INFO  cc.max.Othello.Controller - avaialbe move c3
2018-05-09 23:39:10.724 [main] INFO  cc.max.Othello.Controller - avaialbe move f3
2018-05-09 23:39:10.724 [main] INFO  cc.max.Othello.Controller - avaialbe move g7
2018-05-09 23:39:10.725 [main] INFO  cc.max.Othello.Controller - avaialbe move e1
2018-05-09 23:39:10.725 [main] INFO  cc.max.Othello.OthelloTest - mockingPlayerInput e1
2018-05-09 23:39:10.736 [main] INFO  cc.max.Othello.Controller - avaialbe move e3
2018-05-09 23:39:10.736 [main] INFO  cc.max.Othello.Controller - avaialbe move c5
2018-05-09 23:39:10.740 [main] INFO  cc.max.Othello.Controller - avaialbe move d6
2018-05-09 23:39:10.743 [main] INFO  cc.max.Othello.Controller - avaialbe move e6
2018-05-09 23:39:10.743 [main] INFO  cc.max.Othello.Controller - avaialbe move c6
2018-05-09 23:39:10.744 [main] INFO  cc.max.Othello.Controller - avaialbe move f6
2018-05-09 23:39:10.744 [main] INFO  cc.max.Othello.Controller - avaialbe move g4
2018-05-09 23:39:10.744 [main] INFO  cc.max.Othello.OthelloTest - mockingPlayerInput g4
2018-05-09 23:39:10.753 [main] INFO  cc.max.Othello.Controller - avaialbe move d3
2018-05-09 23:39:10.753 [main] INFO  cc.max.Othello.Controller - avaialbe move e3
2018-05-09 23:39:10.754 [main] INFO  cc.max.Othello.Controller - avaialbe move c3
2018-05-09 23:39:10.754 [main] INFO  cc.max.Othello.Controller - avaialbe move f3
2018-05-09 23:39:10.754 [main] INFO  cc.max.Othello.Controller - avaialbe move g7
2018-05-09 23:39:10.754 [main] INFO  cc.max.Othello.Controller - avaialbe move h3
2018-05-09 23:39:10.755 [main] INFO  cc.max.Othello.OthelloTest - mockingPlayerInput h3
2018-05-09 23:39:10.763 [main] INFO  cc.max.Othello.Controller - avaialbe move c5
2018-05-09 23:39:10.763 [main] INFO  cc.max.Othello.Controller - avaialbe move d6
2018-05-09 23:39:10.763 [main] INFO  cc.max.Othello.Controller - avaialbe move e6
2018-05-09 23:39:10.764 [main] INFO  cc.max.Othello.Controller - avaialbe move c6
2018-05-09 23:39:10.765 [main] INFO  cc.max.Othello.Controller - avaialbe move f3
2018-05-09 23:39:10.766 [main] INFO  cc.max.Othello.Controller - avaialbe move f6
2018-05-09 23:39:10.766 [main] INFO  cc.max.Othello.Controller - avaialbe move g2
2018-05-09 23:39:10.766 [main] INFO  cc.max.Othello.Controller - avaialbe move h1
2018-05-09 23:39:10.766 [main] INFO  cc.max.Othello.OthelloTest - mockingPlayerInput h1
2018-05-09 23:39:10.778 [main] INFO  cc.max.Othello.Controller - avaialbe move d3
2018-05-09 23:39:10.779 [main] INFO  cc.max.Othello.Controller - avaialbe move c4
2018-05-09 23:39:10.779 [main] INFO  cc.max.Othello.Controller - avaialbe move e3
2018-05-09 23:39:10.779 [main] INFO  cc.max.Othello.Controller - avaialbe move c3
2018-05-09 23:39:10.783 [main] INFO  cc.max.Othello.Controller - avaialbe move f3
2018-05-09 23:39:10.811 [main] INFO  cc.max.Othello.Controller - avaialbe move g7
2018-05-09 23:39:10.812 [main] INFO  cc.max.Othello.OthelloTest - mockingPlayerInput g7
2018-05-09 23:39:10.819 [main] INFO  cc.max.Othello.Controller - avaialbe move c5
2018-05-09 23:39:10.819 [main] INFO  cc.max.Othello.Controller - avaialbe move d6
2018-05-09 23:39:10.819 [main] INFO  cc.max.Othello.Controller - avaialbe move e6
2018-05-09 23:39:10.820 [main] INFO  cc.max.Othello.Controller - avaialbe move c6
2018-05-09 23:39:10.820 [main] INFO  cc.max.Othello.Controller - avaialbe move f3
2018-05-09 23:39:10.820 [main] INFO  cc.max.Othello.Controller - avaialbe move f6
2018-05-09 23:39:10.820 [main] INFO  cc.max.Othello.Controller - avaialbe move f8
2018-05-09 23:39:10.820 [main] INFO  cc.max.Othello.OthelloTest - mockingPlayerInput f8
2018-05-09 23:39:10.836 [main] INFO  cc.max.Othello.Controller - avaialbe move d3
2018-05-09 23:39:10.836 [main] INFO  cc.max.Othello.Controller - avaialbe move c4
2018-05-09 23:39:10.836 [main] INFO  cc.max.Othello.Controller - avaialbe move e3
2018-05-09 23:39:10.836 [main] INFO  cc.max.Othello.Controller - avaialbe move c3
2018-05-09 23:39:10.837 [main] INFO  cc.max.Othello.Controller - avaialbe move f3
2018-05-09 23:39:10.837 [main] INFO  cc.max.Othello.Controller - avaialbe move g8
2018-05-09 23:39:10.837 [main] INFO  cc.max.Othello.Controller - avaialbe move e8
2018-05-09 23:39:10.837 [main] INFO  cc.max.Othello.OthelloTest - mockingPlayerInput e8
2018-05-09 23:39:10.845 [main] INFO  cc.max.Othello.Controller - avaialbe move c5
2018-05-09 23:39:10.846 [main] INFO  cc.max.Othello.Controller - avaialbe move d6
2018-05-09 23:39:10.847 [main] INFO  cc.max.Othello.Controller - avaialbe move e6
2018-05-09 23:39:10.848 [main] INFO  cc.max.Othello.Controller - avaialbe move c6
2018-05-09 23:39:10.849 [main] INFO  cc.max.Othello.Controller - avaialbe move f3
2018-05-09 23:39:10.849 [main] INFO  cc.max.Othello.Controller - avaialbe move f6
2018-05-09 23:39:10.851 [main] INFO  cc.max.Othello.Controller - avaialbe move g2
2018-05-09 23:39:10.851 [main] INFO  cc.max.Othello.Controller - avaialbe move e7
2018-05-09 23:39:10.851 [main] INFO  cc.max.Othello.Controller - avaialbe move d8
2018-05-09 23:39:10.851 [main] INFO  cc.max.Othello.OthelloTest - mockingPlayerInput d8
2018-05-09 23:39:10.858 [main] INFO  cc.max.Othello.Controller - avaialbe move d3
2018-05-09 23:39:10.859 [main] INFO  cc.max.Othello.Controller - avaialbe move c4
2018-05-09 23:39:10.859 [main] INFO  cc.max.Othello.Controller - avaialbe move e3
2018-05-09 23:39:10.859 [main] INFO  cc.max.Othello.Controller - avaialbe move c3
2018-05-09 23:39:10.859 [main] INFO  cc.max.Othello.Controller - avaialbe move f3
2018-05-09 23:39:10.859 [main] INFO  cc.max.Othello.Controller - avaialbe move g8
2018-05-09 23:39:10.860 [main] INFO  cc.max.Othello.OthelloTest - mockingPlayerInput g8
2018-05-09 23:39:10.866 [main] INFO  cc.max.Othello.Controller - avaialbe move c5
2018-05-09 23:39:10.866 [main] INFO  cc.max.Othello.Controller - avaialbe move d6
2018-05-09 23:39:10.867 [main] INFO  cc.max.Othello.Controller - avaialbe move e6
2018-05-09 23:39:10.867 [main] INFO  cc.max.Othello.Controller - avaialbe move c6
2018-05-09 23:39:10.867 [main] INFO  cc.max.Othello.Controller - avaialbe move f3
2018-05-09 23:39:10.867 [main] INFO  cc.max.Othello.Controller - avaialbe move f6
2018-05-09 23:39:10.867 [main] INFO  cc.max.Othello.Controller - avaialbe move e7
2018-05-09 23:39:10.867 [main] INFO  cc.max.Othello.OthelloTest - mockingPlayerInput e7
2018-05-09 23:39:10.875 [main] INFO  cc.max.Othello.Controller - avaialbe move d3
2018-05-09 23:39:10.875 [main] INFO  cc.max.Othello.Controller - avaialbe move c4
2018-05-09 23:39:10.875 [main] INFO  cc.max.Othello.Controller - avaialbe move e3
2018-05-09 23:39:10.875 [main] INFO  cc.max.Othello.Controller - avaialbe move c3
2018-05-09 23:39:10.877 [main] INFO  cc.max.Othello.Controller - avaialbe move e6
2018-05-09 23:39:10.877 [main] INFO  cc.max.Othello.Controller - avaialbe move f3
2018-05-09 23:39:10.877 [main] INFO  cc.max.Othello.Controller - avaialbe move c8
2018-05-09 23:39:10.877 [main] INFO  cc.max.Othello.OthelloTest - mockingPlayerInput c8
2018-05-09 23:39:10.885 [main] INFO  cc.max.Othello.Controller - avaialbe move c5
2018-05-09 23:39:10.885 [main] INFO  cc.max.Othello.Controller - avaialbe move d6
2018-05-09 23:39:10.886 [main] INFO  cc.max.Othello.Controller - avaialbe move e6
2018-05-09 23:39:10.886 [main] INFO  cc.max.Othello.Controller - avaialbe move c6
2018-05-09 23:39:10.886 [main] INFO  cc.max.Othello.Controller - avaialbe move f3
2018-05-09 23:39:10.886 [main] INFO  cc.max.Othello.Controller - avaialbe move f6
2018-05-09 23:39:10.886 [main] INFO  cc.max.Othello.Controller - avaialbe move g2
2018-05-09 23:39:10.886 [main] INFO  cc.max.Othello.Controller - avaialbe move b8
2018-05-09 23:39:10.886 [main] INFO  cc.max.Othello.OthelloTest - mockingPlayerInput b8
2018-05-09 23:39:10.898 [main] INFO  cc.max.Othello.Controller - avaialbe move d3
2018-05-09 23:39:10.898 [main] INFO  cc.max.Othello.Controller - avaialbe move c4
2018-05-09 23:39:10.898 [main] INFO  cc.max.Othello.Controller - avaialbe move e3
2018-05-09 23:39:10.898 [main] INFO  cc.max.Othello.Controller - avaialbe move c3
2018-05-09 23:39:10.910 [main] INFO  cc.max.Othello.Controller - avaialbe move f3
2018-05-09 23:39:10.913 [main] INFO  cc.max.Othello.OthelloTest - mockingPlayerInput f3
2018-05-09 23:39:10.923 [main] INFO  cc.max.Othello.Controller - avaialbe move d3
2018-05-09 23:39:10.926 [main] INFO  cc.max.Othello.Controller - avaialbe move e3
2018-05-09 23:39:10.926 [main] INFO  cc.max.Othello.Controller - avaialbe move c5
2018-05-09 23:39:10.926 [main] INFO  cc.max.Othello.Controller - avaialbe move d6
2018-05-09 23:39:10.926 [main] INFO  cc.max.Othello.Controller - avaialbe move e6
2018-05-09 23:39:10.926 [main] INFO  cc.max.Othello.Controller - avaialbe move f6
2018-05-09 23:39:10.926 [main] INFO  cc.max.Othello.Controller - avaialbe move g2
2018-05-09 23:39:10.927 [main] INFO  cc.max.Othello.Controller - avaialbe move e2
2018-05-09 23:39:10.927 [main] INFO  cc.max.Othello.OthelloTest - mockingPlayerInput e2
2018-05-09 23:39:10.933 [main] INFO  cc.max.Othello.Controller - avaialbe move d3
2018-05-09 23:39:10.947 [main] INFO  cc.max.Othello.Controller - avaialbe move c4
2018-05-09 23:39:10.948 [main] INFO  cc.max.Othello.Controller - avaialbe move e3
2018-05-09 23:39:10.948 [main] INFO  cc.max.Othello.Controller - avaialbe move c3
2018-05-09 23:39:10.948 [main] INFO  cc.max.Othello.Controller - avaialbe move g2
2018-05-09 23:39:10.949 [main] INFO  cc.max.Othello.Controller - avaialbe move d2
2018-05-09 23:39:10.949 [main] INFO  cc.max.Othello.OthelloTest - mockingPlayerInput d2
2018-05-09 23:39:10.955 [main] INFO  cc.max.Othello.Controller - avaialbe move d3
2018-05-09 23:39:10.956 [main] INFO  cc.max.Othello.Controller - avaialbe move e3
2018-05-09 23:39:10.956 [main] INFO  cc.max.Othello.Controller - avaialbe move c5
2018-05-09 23:39:10.956 [main] INFO  cc.max.Othello.Controller - avaialbe move d6
2018-05-09 23:39:10.956 [main] INFO  cc.max.Othello.Controller - avaialbe move e6
2018-05-09 23:39:10.956 [main] INFO  cc.max.Othello.Controller - avaialbe move c6
2018-05-09 23:39:10.956 [main] INFO  cc.max.Othello.Controller - avaialbe move f6
2018-05-09 23:39:10.956 [main] INFO  cc.max.Othello.Controller - avaialbe move g2
2018-05-09 23:39:10.956 [main] INFO  cc.max.Othello.Controller - avaialbe move f1
2018-05-09 23:39:10.957 [main] INFO  cc.max.Othello.Controller - avaialbe move d1
2018-05-09 23:39:10.957 [main] INFO  cc.max.Othello.OthelloTest - mockingPlayerInput d1
2018-05-09 23:39:10.964 [main] INFO  cc.max.Othello.Controller - avaialbe move d3
2018-05-09 23:39:10.964 [main] INFO  cc.max.Othello.Controller - avaialbe move c4
2018-05-09 23:39:10.964 [main] INFO  cc.max.Othello.Controller - avaialbe move e3
2018-05-09 23:39:10.964 [main] INFO  cc.max.Othello.Controller - avaialbe move c3
2018-05-09 23:39:10.964 [main] INFO  cc.max.Othello.Controller - avaialbe move g2
2018-05-09 23:39:10.964 [main] INFO  cc.max.Othello.Controller - avaialbe move c1
2018-05-09 23:39:10.965 [main] INFO  cc.max.Othello.OthelloTest - mockingPlayerInput c1
2018-05-09 23:39:10.974 [main] INFO  cc.max.Othello.Controller - avaialbe move d3
2018-05-09 23:39:10.974 [main] INFO  cc.max.Othello.Controller - avaialbe move e3
2018-05-09 23:39:10.974 [main] INFO  cc.max.Othello.Controller - avaialbe move c5
2018-05-09 23:39:10.974 [main] INFO  cc.max.Othello.Controller - avaialbe move d6
2018-05-09 23:39:10.975 [main] INFO  cc.max.Othello.Controller - avaialbe move e6
2018-05-09 23:39:10.975 [main] INFO  cc.max.Othello.Controller - avaialbe move c6
2018-05-09 23:39:10.975 [main] INFO  cc.max.Othello.Controller - avaialbe move f6
2018-05-09 23:39:10.975 [main] INFO  cc.max.Othello.Controller - avaialbe move g2
2018-05-09 23:39:10.975 [main] INFO  cc.max.Othello.Controller - avaialbe move f1
2018-05-09 23:39:10.975 [main] INFO  cc.max.Othello.Controller - avaialbe move c2
2018-05-09 23:39:10.975 [main] INFO  cc.max.Othello.OthelloTest - mockingPlayerInput c2
2018-05-09 23:39:10.984 [main] INFO  cc.max.Othello.Controller - avaialbe move d3
2018-05-09 23:39:10.984 [main] INFO  cc.max.Othello.Controller - avaialbe move c4
2018-05-09 23:39:10.984 [main] INFO  cc.max.Othello.Controller - avaialbe move e3
2018-05-09 23:39:10.986 [main] INFO  cc.max.Othello.Controller - avaialbe move c3
2018-05-09 23:39:10.987 [main] INFO  cc.max.Othello.Controller - avaialbe move g2
2018-05-09 23:39:10.987 [main] INFO  cc.max.Othello.Controller - avaialbe move b2
2018-05-09 23:39:10.989 [main] INFO  cc.max.Othello.Controller - avaialbe move b3
2018-05-09 23:39:10.992 [main] INFO  cc.max.Othello.OthelloTest - mockingPlayerInput b3
2018-05-09 23:39:11.004 [main] INFO  cc.max.Othello.Controller - avaialbe move d3
2018-05-09 23:39:11.005 [main] INFO  cc.max.Othello.Controller - avaialbe move e3
2018-05-09 23:39:11.005 [main] INFO  cc.max.Othello.Controller - avaialbe move c5
2018-05-09 23:39:11.005 [main] INFO  cc.max.Othello.Controller - avaialbe move d6
2018-05-09 23:39:11.005 [main] INFO  cc.max.Othello.Controller - avaialbe move e6
2018-05-09 23:39:11.005 [main] INFO  cc.max.Othello.Controller - avaialbe move c6
2018-05-09 23:39:11.006 [main] INFO  cc.max.Othello.Controller - avaialbe move f6
2018-05-09 23:39:11.009 [main] INFO  cc.max.Othello.Controller - avaialbe move g2
2018-05-09 23:39:11.019 [main] INFO  cc.max.Othello.Controller - avaialbe move f1
2018-05-09 23:39:11.027 [main] INFO  cc.max.Othello.Controller - avaialbe move b2
2018-05-09 23:39:11.027 [main] INFO  cc.max.Othello.OthelloTest - mockingPlayerInput b2
2018-05-09 23:39:11.034 [main] INFO  cc.max.Othello.Controller - avaialbe move d3
2018-05-09 23:39:11.034 [main] INFO  cc.max.Othello.Controller - avaialbe move c4
2018-05-09 23:39:11.035 [main] INFO  cc.max.Othello.Controller - avaialbe move e3
2018-05-09 23:39:11.035 [main] INFO  cc.max.Othello.Controller - avaialbe move c3
2018-05-09 23:39:11.035 [main] INFO  cc.max.Othello.Controller - avaialbe move g2
2018-05-09 23:39:11.035 [main] INFO  cc.max.Othello.Controller - avaialbe move b1
2018-05-09 23:39:11.036 [main] INFO  cc.max.Othello.Controller - avaialbe move a3
2018-05-09 23:39:11.038 [main] INFO  cc.max.Othello.Controller - avaialbe move a2
2018-05-09 23:39:11.038 [main] INFO  cc.max.Othello.OthelloTest - mockingPlayerInput a2
2018-05-09 23:39:11.046 [main] INFO  cc.max.Othello.Controller - avaialbe move d3
2018-05-09 23:39:11.046 [main] INFO  cc.max.Othello.Controller - avaialbe move e3
2018-05-09 23:39:11.046 [main] INFO  cc.max.Othello.Controller - avaialbe move c5
2018-05-09 23:39:11.046 [main] INFO  cc.max.Othello.Controller - avaialbe move d6
2018-05-09 23:39:11.046 [main] INFO  cc.max.Othello.Controller - avaialbe move e6
2018-05-09 23:39:11.046 [main] INFO  cc.max.Othello.Controller - avaialbe move c6
2018-05-09 23:39:11.046 [main] INFO  cc.max.Othello.Controller - avaialbe move f6
2018-05-09 23:39:11.046 [main] INFO  cc.max.Othello.Controller - avaialbe move g2
2018-05-09 23:39:11.046 [main] INFO  cc.max.Othello.Controller - avaialbe move f1
2018-05-09 23:39:11.046 [main] INFO  cc.max.Othello.OthelloTest - mockingPlayerInput f1
2018-05-09 23:39:11.054 [main] INFO  cc.max.Othello.Controller - avaialbe move d3
2018-05-09 23:39:11.054 [main] INFO  cc.max.Othello.Controller - avaialbe move c4
2018-05-09 23:39:11.054 [main] INFO  cc.max.Othello.Controller - avaialbe move e3
2018-05-09 23:39:11.054 [main] INFO  cc.max.Othello.Controller - avaialbe move c3
2018-05-09 23:39:11.054 [main] INFO  cc.max.Othello.Controller - avaialbe move g2
2018-05-09 23:39:11.054 [main] INFO  cc.max.Othello.Controller - avaialbe move g1
2018-05-09 23:39:11.054 [main] INFO  cc.max.Othello.OthelloTest - mockingPlayerInput g1
2018-05-09 23:39:11.065 [main] INFO  cc.max.Othello.Controller - avaialbe move d3
2018-05-09 23:39:11.065 [main] INFO  cc.max.Othello.Controller - avaialbe move e3
2018-05-09 23:39:11.065 [main] INFO  cc.max.Othello.Controller - avaialbe move c5
2018-05-09 23:39:11.065 [main] INFO  cc.max.Othello.Controller - avaialbe move d6
2018-05-09 23:39:11.065 [main] INFO  cc.max.Othello.Controller - avaialbe move e6
2018-05-09 23:39:11.066 [main] INFO  cc.max.Othello.Controller - avaialbe move c6
2018-05-09 23:39:11.066 [main] INFO  cc.max.Othello.Controller - avaialbe move f6
2018-05-09 23:39:11.066 [main] INFO  cc.max.Othello.Controller - avaialbe move g2
2018-05-09 23:39:11.067 [main] INFO  cc.max.Othello.Controller - avaialbe move b1
2018-05-09 23:39:11.067 [main] INFO  cc.max.Othello.OthelloTest - mockingPlayerInput b1
2018-05-09 23:39:11.073 [main] INFO  cc.max.Othello.Controller - avaialbe move d3
2018-05-09 23:39:11.073 [main] INFO  cc.max.Othello.Controller - avaialbe move c4
2018-05-09 23:39:11.073 [main] INFO  cc.max.Othello.Controller - avaialbe move e3
2018-05-09 23:39:11.073 [main] INFO  cc.max.Othello.Controller - avaialbe move c3
2018-05-09 23:39:11.073 [main] INFO  cc.max.Othello.Controller - avaialbe move g2
2018-05-09 23:39:11.073 [main] INFO  cc.max.Othello.OthelloTest - mockingPlayerInput g2
2018-05-09 23:39:11.080 [main] INFO  cc.max.Othello.Controller - avaialbe move d3
2018-05-09 23:39:11.081 [main] INFO  cc.max.Othello.Controller - avaialbe move e3
2018-05-09 23:39:11.081 [main] INFO  cc.max.Othello.Controller - avaialbe move c5
2018-05-09 23:39:11.081 [main] INFO  cc.max.Othello.Controller - avaialbe move c3
2018-05-09 23:39:11.081 [main] INFO  cc.max.Othello.Controller - avaialbe move d6
2018-05-09 23:39:11.082 [main] INFO  cc.max.Othello.Controller - avaialbe move e6
2018-05-09 23:39:11.082 [main] INFO  cc.max.Othello.Controller - avaialbe move c6
2018-05-09 23:39:11.082 [main] INFO  cc.max.Othello.Controller - avaialbe move f6
2018-05-09 23:39:11.082 [main] INFO  cc.max.Othello.Controller - avaialbe move b4
2018-05-09 23:39:11.082 [main] INFO  cc.max.Othello.Controller - avaialbe move a3
2018-05-09 23:39:11.082 [main] INFO  cc.max.Othello.Controller - avaialbe move a4
2018-05-09 23:39:11.082 [main] INFO  cc.max.Othello.OthelloTest - mockingPlayerInput a4
2018-05-09 23:39:11.089 [main] INFO  cc.max.Othello.Controller - avaialbe move d3
2018-05-09 23:39:11.090 [main] INFO  cc.max.Othello.Controller - avaialbe move c4
2018-05-09 23:39:11.090 [main] INFO  cc.max.Othello.Controller - avaialbe move c3
2018-05-09 23:39:11.090 [main] INFO  cc.max.Othello.Controller - avaialbe move b4
2018-05-09 23:39:11.090 [main] INFO  cc.max.Othello.OthelloTest - mockingPlayerInput b4
2018-05-09 23:39:11.096 [main] INFO  cc.max.Othello.Controller - avaialbe move d3
2018-05-09 23:39:11.096 [main] INFO  cc.max.Othello.Controller - avaialbe move c4
2018-05-09 23:39:11.096 [main] INFO  cc.max.Othello.Controller - avaialbe move e3
2018-05-09 23:39:11.098 [main] INFO  cc.max.Othello.Controller - avaialbe move c5
2018-05-09 23:39:11.098 [main] INFO  cc.max.Othello.Controller - avaialbe move c3
2018-05-09 23:39:11.098 [main] INFO  cc.max.Othello.Controller - avaialbe move d6
2018-05-09 23:39:11.098 [main] INFO  cc.max.Othello.Controller - avaialbe move e6
2018-05-09 23:39:11.099 [main] INFO  cc.max.Othello.Controller - avaialbe move c6
2018-05-09 23:39:11.099 [main] INFO  cc.max.Othello.Controller - avaialbe move f6
2018-05-09 23:39:11.099 [main] INFO  cc.max.Othello.Controller - avaialbe move a3
2018-05-09 23:39:11.099 [main] INFO  cc.max.Othello.Controller - avaialbe move b5
2018-05-09 23:39:11.100 [main] INFO  cc.max.Othello.OthelloTest - mockingPlayerInput b5
2018-05-09 23:39:11.183 [main] INFO  cc.max.Othello.Controller - avaialbe move d3
2018-05-09 23:39:11.183 [main] INFO  cc.max.Othello.Controller - avaialbe move c4
2018-05-09 23:39:11.186 [main] INFO  cc.max.Othello.Controller - avaialbe move c3
2018-05-09 23:39:11.187 [main] INFO  cc.max.Othello.OthelloTest - mockingPlayerInput c3
2018-05-09 23:39:11.194 [main] INFO  cc.max.Othello.Controller - avaialbe move d3
2018-05-09 23:39:11.194 [main] INFO  cc.max.Othello.Controller - avaialbe move c4
2018-05-09 23:39:11.195 [main] INFO  cc.max.Othello.Controller - avaialbe move e3
2018-05-09 23:39:11.195 [main] INFO  cc.max.Othello.Controller - avaialbe move c5
2018-05-09 23:39:11.195 [main] INFO  cc.max.Othello.Controller - avaialbe move d6
2018-05-09 23:39:11.195 [main] INFO  cc.max.Othello.Controller - avaialbe move e6
2018-05-09 23:39:11.195 [main] INFO  cc.max.Othello.Controller - avaialbe move c6
2018-05-09 23:39:11.195 [main] INFO  cc.max.Othello.Controller - avaialbe move f6
2018-05-09 23:39:11.195 [main] INFO  cc.max.Othello.OthelloTest - mockingPlayerInput f6
2018-05-09 23:39:11.203 [main] INFO  cc.max.Othello.Controller - avaialbe move d3
2018-05-09 23:39:11.203 [main] INFO  cc.max.Othello.Controller - avaialbe move c4
2018-05-09 23:39:11.203 [main] INFO  cc.max.Othello.Controller - avaialbe move e3
2018-05-09 23:39:11.203 [main] INFO  cc.max.Othello.Controller - avaialbe move d6
2018-05-09 23:39:11.203 [main] INFO  cc.max.Othello.Controller - avaialbe move e6
2018-05-09 23:39:11.203 [main] INFO  cc.max.Othello.Controller - avaialbe move a5
2018-05-09 23:39:11.203 [main] INFO  cc.max.Othello.OthelloTest - mockingPlayerInput a5
2018-05-09 23:39:11.208 [main] INFO  cc.max.Othello.Controller - avaialbe move d3
2018-05-09 23:39:11.209 [main] INFO  cc.max.Othello.Controller - avaialbe move c4
2018-05-09 23:39:11.209 [main] INFO  cc.max.Othello.Controller - avaialbe move e3
2018-05-09 23:39:11.209 [main] INFO  cc.max.Othello.Controller - avaialbe move c5
2018-05-09 23:39:11.209 [main] INFO  cc.max.Othello.Controller - avaialbe move d6
2018-05-09 23:39:11.209 [main] INFO  cc.max.Othello.Controller - avaialbe move c6
2018-05-09 23:39:11.209 [main] INFO  cc.max.Othello.Controller - avaialbe move a6
2018-05-09 23:39:11.209 [main] INFO  cc.max.Othello.OthelloTest - mockingPlayerInput a6
2018-05-09 23:39:11.214 [main] INFO  cc.max.Othello.Controller - avaialbe move d3
2018-05-09 23:39:11.214 [main] INFO  cc.max.Othello.Controller - avaialbe move c4
2018-05-09 23:39:11.214 [main] INFO  cc.max.Othello.Controller - avaialbe move e3
2018-05-09 23:39:11.215 [main] INFO  cc.max.Othello.Controller - avaialbe move d6
2018-05-09 23:39:11.215 [main] INFO  cc.max.Othello.Controller - avaialbe move e6
2018-05-09 23:39:11.215 [main] INFO  cc.max.Othello.Controller - avaialbe move a3
2018-05-09 23:39:11.215 [main] INFO  cc.max.Othello.Controller - avaialbe move a1
2018-05-09 23:39:11.215 [main] INFO  cc.max.Othello.Controller - avaialbe move b6
2018-05-09 23:39:11.215 [main] INFO  cc.max.Othello.OthelloTest - mockingPlayerInput b6
2018-05-09 23:39:11.221 [main] INFO  cc.max.Othello.Controller - avaialbe move d3
2018-05-09 23:39:11.221 [main] INFO  cc.max.Othello.Controller - avaialbe move c4
2018-05-09 23:39:11.222 [main] INFO  cc.max.Othello.Controller - avaialbe move e3
2018-05-09 23:39:11.222 [main] INFO  cc.max.Othello.Controller - avaialbe move c5
2018-05-09 23:39:11.222 [main] INFO  cc.max.Othello.Controller - avaialbe move d6
2018-05-09 23:39:11.222 [main] INFO  cc.max.Othello.Controller - avaialbe move c6
2018-05-09 23:39:11.222 [main] INFO  cc.max.Othello.Controller - avaialbe move c7
2018-05-09 23:39:11.223 [main] INFO  cc.max.Othello.Controller - avaialbe move b7
2018-05-09 23:39:11.230 [main] INFO  cc.max.Othello.OthelloTest - mockingPlayerInput b7
2018-05-09 23:39:11.235 [main] INFO  cc.max.Othello.Controller - avaialbe move d3
2018-05-09 23:39:11.236 [main] INFO  cc.max.Othello.Controller - avaialbe move c4
2018-05-09 23:39:11.236 [main] INFO  cc.max.Othello.Controller - avaialbe move e3
2018-05-09 23:39:11.236 [main] INFO  cc.max.Othello.Controller - avaialbe move d6
2018-05-09 23:39:11.236 [main] INFO  cc.max.Othello.Controller - avaialbe move e6
2018-05-09 23:39:11.236 [main] INFO  cc.max.Othello.Controller - avaialbe move a3
2018-05-09 23:39:11.237 [main] INFO  cc.max.Othello.Controller - avaialbe move a1
2018-05-09 23:39:11.243 [main] INFO  cc.max.Othello.OthelloTest - mockingPlayerInput a1
2018-05-09 23:39:11.248 [main] INFO  cc.max.Othello.Controller - avaialbe move d3
2018-05-09 23:39:11.248 [main] INFO  cc.max.Othello.Controller - avaialbe move c4
2018-05-09 23:39:11.248 [main] INFO  cc.max.Othello.Controller - avaialbe move e3
2018-05-09 23:39:11.248 [main] INFO  cc.max.Othello.Controller - avaialbe move c5
2018-05-09 23:39:11.248 [main] INFO  cc.max.Othello.Controller - avaialbe move d6
2018-05-09 23:39:11.248 [main] INFO  cc.max.Othello.Controller - avaialbe move c6
2018-05-09 23:39:11.249 [main] INFO  cc.max.Othello.Controller - avaialbe move a3
2018-05-09 23:39:11.249 [main] INFO  cc.max.Othello.OthelloTest - mockingPlayerInput a3
2018-05-09 23:39:11.254 [main] INFO  cc.max.Othello.Controller - avaialbe move d3
2018-05-09 23:39:11.255 [main] INFO  cc.max.Othello.Controller - avaialbe move c4
2018-05-09 23:39:11.255 [main] INFO  cc.max.Othello.Controller - avaialbe move e3
2018-05-09 23:39:11.255 [main] INFO  cc.max.Othello.Controller - avaialbe move d6
2018-05-09 23:39:11.255 [main] INFO  cc.max.Othello.Controller - avaialbe move e6
2018-05-09 23:39:11.255 [main] INFO  cc.max.Othello.Controller - avaialbe move a7
2018-05-09 23:39:11.255 [main] INFO  cc.max.Othello.OthelloTest - mockingPlayerInput a7
2018-05-09 23:39:11.261 [main] INFO  cc.max.Othello.Controller - avaialbe move d3
2018-05-09 23:39:11.261 [main] INFO  cc.max.Othello.Controller - avaialbe move c4
2018-05-09 23:39:11.261 [main] INFO  cc.max.Othello.Controller - avaialbe move e3
2018-05-09 23:39:11.261 [main] INFO  cc.max.Othello.Controller - avaialbe move c5
2018-05-09 23:39:11.261 [main] INFO  cc.max.Othello.Controller - avaialbe move d6
2018-05-09 23:39:11.261 [main] INFO  cc.max.Othello.Controller - avaialbe move c6
2018-05-09 23:39:11.261 [main] INFO  cc.max.Othello.OthelloTest - mockingPlayerInput c6
2018-05-09 23:39:11.399 [main] INFO  cc.max.Othello.Controller - avaialbe move c4
2018-05-09 23:39:11.399 [main] INFO  cc.max.Othello.Controller - avaialbe move e3
2018-05-09 23:39:11.399 [main] INFO  cc.max.Othello.Controller - avaialbe move c5
2018-05-09 23:39:11.399 [main] INFO  cc.max.Othello.Controller - avaialbe move d6
2018-05-09 23:39:11.399 [main] INFO  cc.max.Othello.Controller - avaialbe move d7
2018-05-09 23:39:11.399 [main] INFO  cc.max.Othello.Controller - avaialbe move c7
2018-05-09 23:39:11.399 [main] INFO  cc.max.Othello.Controller - avaialbe move a8
2018-05-09 23:39:11.399 [main] INFO  cc.max.Othello.OthelloTest - mockingPlayerInput a8
2018-05-09 23:39:11.403 [main] INFO  cc.max.Othello.Controller - avaialbe move d3
2018-05-09 23:39:11.403 [main] INFO  cc.max.Othello.Controller - avaialbe move c4
2018-05-09 23:39:11.404 [main] INFO  cc.max.Othello.Controller - avaialbe move e3
2018-05-09 23:39:11.404 [main] INFO  cc.max.Othello.Controller - avaialbe move c5
2018-05-09 23:39:11.405 [main] INFO  cc.max.Othello.Controller - avaialbe move d6
2018-05-09 23:39:11.405 [main] INFO  cc.max.Othello.Controller - avaialbe move d7
2018-05-09 23:39:11.405 [main] INFO  cc.max.Othello.OthelloTest - mockingPlayerInput d7
2018-05-09 23:39:11.410 [main] INFO  cc.max.Othello.Controller - avaialbe move d3
2018-05-09 23:39:11.411 [main] INFO  cc.max.Othello.Controller - avaialbe move c4
2018-05-09 23:39:11.411 [main] INFO  cc.max.Othello.Controller - avaialbe move c5
2018-05-09 23:39:11.411 [main] INFO  cc.max.Othello.Controller - avaialbe move d6
2018-05-09 23:39:11.411 [main] INFO  cc.max.Othello.Controller - avaialbe move e6
2018-05-09 23:39:11.411 [main] INFO  cc.max.Othello.Controller - avaialbe move c7
2018-05-09 23:39:11.411 [main] INFO  cc.max.Othello.OthelloTest - mockingPlayerInput c7
2018-05-09 23:39:11.416 [main] INFO  cc.max.Othello.Controller - avaialbe move d3
2018-05-09 23:39:11.416 [main] INFO  cc.max.Othello.Controller - avaialbe move c4
2018-05-09 23:39:11.416 [main] INFO  cc.max.Othello.Controller - avaialbe move e3
2018-05-09 23:39:11.416 [main] INFO  cc.max.Othello.Controller - avaialbe move c5
2018-05-09 23:39:11.416 [main] INFO  cc.max.Othello.Controller - avaialbe move d6
2018-05-09 23:39:11.416 [main] INFO  cc.max.Othello.OthelloTest - mockingPlayerInput d6
2018-05-09 23:39:11.421 [main] INFO  cc.max.Othello.Controller - avaialbe move c4
2018-05-09 23:39:11.421 [main] INFO  cc.max.Othello.Controller - avaialbe move c5
2018-05-09 23:39:11.421 [main] INFO  cc.max.Othello.Controller - avaialbe move e6
2018-05-09 23:39:11.421 [main] INFO  cc.max.Othello.OthelloTest - mockingPlayerInput e6
2018-05-09 23:39:11.425 [main] INFO  cc.max.Othello.Controller - avaialbe move d3
2018-05-09 23:39:11.429 [main] INFO  cc.max.Othello.Controller - avaialbe move c4
2018-05-09 23:39:11.430 [main] INFO  cc.max.Othello.Controller - avaialbe move e3
2018-05-09 23:39:11.430 [main] INFO  cc.max.Othello.Controller - avaialbe move c5
2018-05-09 23:39:11.430 [main] INFO  cc.max.Othello.OthelloTest - mockingPlayerInput c5
2018-05-09 23:39:11.435 [main] INFO  cc.max.Othello.Controller - avaialbe move c4
2018-05-09 23:39:11.435 [main] INFO  cc.max.Othello.Controller - avaialbe move e3
2018-05-09 23:39:11.435 [main] INFO  cc.max.Othello.OthelloTest - mockingPlayerInput e3
2018-05-09 23:39:11.438 [main] INFO  cc.max.Othello.Controller - avaialbe move d3
2018-05-09 23:39:11.438 [main] INFO  cc.max.Othello.Controller - avaialbe move c4
2018-05-09 23:39:11.438 [main] INFO  cc.max.Othello.OthelloTest - mockingPlayerInput c4
2018-05-09 23:39:11.443 [main] INFO  cc.max.Othello.Controller - avaialbe move d3
2018-05-09 23:39:11.443 [main] INFO  cc.max.Othello.OthelloTest - mockingPlayerInput d3
